-------------------------------------------------------------------------------
Test set: in.santhoshdevendran.door_step.TestCreateUser
-------------------------------------------------------------------------------
Tests run: 8, Failures: 3, Errors: 0, Skipped: 0, Time elapsed: 0.001 s <<< FAILURE! - in in.santhoshdevendran.door_step.TestCreateUser
in.santhoshdevendran.door_step.TestCreateUser.testCreateUserWithEmailNull()  Time elapsed: 0 s  <<< FAILURE!
org.opentest4j.AssertionFailedError: expected: <true> but was: <false>
	at org.junit.jupiter.api.AssertionUtils.fail(AssertionUtils.java:55)
	at org.junit.jupiter.api.AssertTrue.assertTrue(AssertTrue.java:40)
	at org.junit.jupiter.api.AssertTrue.assertTrue(AssertTrue.java:35)
	at org.junit.jupiter.api.Assertions.assertTrue(Assertions.java:179)
	at in.santhoshdevendran.door_step.TestCreateUser.testCreateUserWithEmailNull(TestCreateUser.java:64)

in.santhoshdevendran.door_step.TestCreateUser.testCreateUserWithEmailEmpty()  Time elapsed: 0 s  <<< FAILURE!
org.opentest4j.AssertionFailedError: expected: <true> but was: <false>
	at org.junit.jupiter.api.AssertionUtils.fail(AssertionUtils.java:55)
	at org.junit.jupiter.api.AssertTrue.assertTrue(AssertTrue.java:40)
	at org.junit.jupiter.api.AssertTrue.assertTrue(AssertTrue.java:35)
	at org.junit.jupiter.api.Assertions.assertTrue(Assertions.java:179)
	at in.santhoshdevendran.door_step.TestCreateUser.testCreateUserWithEmailEmpty(TestCreateUser.java:85)

in.santhoshdevendran.door_step.TestCreateUser.testCreateUserWithInvalidData()  Time elapsed: 0 s  <<< FAILURE!
org.opentest4j.AssertionFailedError: expected: <true> but was: <false>
	at org.junit.jupiter.api.AssertionUtils.fail(AssertionUtils.java:55)
	at org.junit.jupiter.api.AssertTrue.assertTrue(AssertTrue.java:40)
	at org.junit.jupiter.api.AssertTrue.assertTrue(AssertTrue.java:35)
	at org.junit.jupiter.api.Assertions.assertTrue(Assertions.java:179)
	at in.santhoshdevendran.door_step.TestCreateUser.testCreateUserWithInvalidData(TestCreateUser.java:43)

