<?xml version="1.0" encoding="UTF-8"?>
<testsuite xmlns:xsi="http://www.w3.org/2001/XMLSchema-instance" xsi:noNamespaceSchemaLocation="https://maven.apache.org/surefire/maven-surefire-plugin/xsd/surefire-test-report.xsd" name="in.santhoshdevendran.door_step.TestCreateUser" time="0.013" tests="2" errors="0" skipped="0" failures="1">
  <properties>
[...]
</properties>
  <testcase name="in.santhoshdevendran.door_step.TestCreateUser.testCreateUserWithValidDataInput" classname="in.santhoshdevendran.door_step.TestCreateUser" time="0.001"/>
  <testcase name="in.santhoshdevendran.door_step.TestCreateUser.testCreateUserWithinValidDataInput" classname="in.santhoshdevendran.door_step.TestCreateUser" time="0.008">
    <failure message="Expected java.lang.Exception to be thrown, but nothing was thrown." type="org.opentest4j.AssertionFailedError">org.opentest4j.AssertionFailedError: Expected java.lang.Exception to be thrown, but nothing was thrown.
	at org.junit.jupiter.api.AssertThrows.assertThrows(AssertThrows.java:71)
	at org.junit.jupiter.api.AssertThrows.assertThrows(AssertThrows.java:37)
	at org.junit.jupiter.api.Assertions.assertThrows(Assertions.java:3082)
	at in.santhoshdevendran.door_step.TestCreateUser.testCreateUserWithinValidDataInput(TestCreateUser.java:37)
</failure>
  </testcase>
</testsuite>